[11/27 21:23:31][INFO] train_net.py:  937: --Train with config:
[11/27 21:23:31][INFO] train_net.py:  938: {'AUG': {'AA_TYPE': 'rand-m7-n4-mstd0.5-inc1',
         'COLOR_JITTER': 0.4,
         'ENABLE': False,
         'GEN_MASK_LOADER': False,
         'INTERPOLATION': 'bicubic',
         'MASK_FRAMES': False,
         'MASK_RATIO': 0.0,
         'MASK_TUBE': False,
         'MASK_WINDOW_SIZE': [8, 7, 7],
         'MAX_MASK_PATCHES_PER_BLOCK': None,
         'NUM_SAMPLE': 2,
         'RE_COUNT': 1,
         'RE_MODE': 'pixel',
         'RE_PROB': 0.25,
         'RE_SPLIT': False},
 'AVA': {'ANNOTATION_DIR': '/mnt/vol/gfsai-flash3-east/ai-group/users/haoqifan/ava/frame_list/',
         'BGR': False,
         'DETECTION_SCORE_THRESH': 0.9,
         'EXCLUSION_FILE': 'ava_val_excluded_timestamps_v2.2.csv',
         'FRAME_DIR': '/mnt/fair-flash3-east/ava_trainval_frames.img/',
         'FRAME_LIST_DIR': '/mnt/vol/gfsai-flash3-east/ai-group/users/haoqifan/ava/frame_list/',
         'FULL_TEST_ON_VAL': False,
         'GROUNDTRUTH_FILE': 'ava_val_v2.2.csv',
         'IMG_PROC_BACKEND': 'cv2',
         'LABEL_MAP_FILE': 'ava_action_list_v2.2_for_activitynet_2019.pbtxt',
         'TEST_FORCE_FLIP': False,
         'TEST_LISTS': ['val.csv'],
         'TEST_PREDICT_BOX_LISTS': ['ava_val_predicted_boxes.csv'],
         'TRAIN_GT_BOX_LISTS': ['ava_train_v2.2.csv'],
         'TRAIN_LISTS': ['train.csv'],
         'TRAIN_PCA_JITTER_ONLY': True,
         'TRAIN_PREDICT_BOX_LISTS': [],
         'TRAIN_USE_COLOR_AUGMENTATION': False},
 'BENCHMARK': CfgNode({'NUM_EPOCHS': 5, 'LOG_PERIOD': 100, 'SHUFFLE': True}),
 'BN': {'GLOBAL_SYNC': False,
        'NORM_TYPE': 'batchnorm',
        'NUM_BATCHES_PRECISE': 200,
        'NUM_SPLITS': 1,
        'NUM_SYNC_DEVICES': 1,
        'USE_PRECISE_STATS': False,
        'WEIGHT_DECAY': 0.0},
 'CONTRASTIVE': {'BN_MLP': False,
                 'BN_SYNC_MLP': False,
                 'DELTA_CLIPS_MAX': inf,
                 'DELTA_CLIPS_MIN': -inf,
                 'DIM': 128,
                 'INTERP_MEMORY': False,
                 'KNN_ON': True,
                 'LENGTH': 239975,
                 'LOCAL_SHUFFLE_BN': True,
                 'MEM_TYPE': '1d',
                 'MLP_DIM': 2048,
                 'MOCO_MULTI_VIEW_QUEUE': False,
                 'MOMENTUM': 0.5,
                 'MOMENTUM_ANNEALING': False,
                 'NUM_CLASSES_DOWNSTREAM': 400,
                 'NUM_MLP_LAYERS': 1,
                 'PREDICTOR_DEPTHS': [],
                 'QUEUE_LEN': 65536,
                 'SEQUENTIAL': False,
                 'SIMCLR_DIST_ON': True,
                 'SWAV_QEUE_LEN': 0,
                 'T': 0.07,
                 'TYPE': 'mem'},
 'DATA': {'COLOR_RND_GRAYSCALE': 0.0,
          'DECODING_BACKEND': 'torchvision',
          'DECODING_SHORT_SIZE': 256,
          'DUMMY_LOAD': False,
          'ENSEMBLE_METHOD': 'sum',
          'IN22K_TRAINVAL': False,
          'IN22k_VAL_IN1K': '',
          'INDEX_LABEL_MAPPING_FILE': '',
          'INPUT_CHANNEL_NUM': [3],
          'INV_UNIFORM_SAMPLE': False,
          'IN_VAL_CROP_RATIO': 0.875,
          'LOADER_CHUNK_OVERALL_SIZE': 0,
          'LOADER_CHUNK_SIZE': 0,
          'MEAN': [0.48145466, 0.4578275, 0.40821073],
          'MULTI_LABEL': False,
          'NUM_FRAMES': 8,
          'PATH_LABEL_SEPARATOR': ' ',
          'PATH_PREFIX': '/mnt/SSD8T/home/huangwei/projects/FROSTER/data/hmdb51',
          'PATH_TO_DATA_DIR': '/mnt/SSD8T/home/huangwei/projects/FROSTER/zs_label_db/B2N_hmdb',
          'PATH_TO_PRELOAD_IMDB': '',
          'RANDOM_FLIP': True,
          'REVERSE_INPUT_CHANNEL': False,
          'SAMPLING_RATE': 16,
          'SKIP_ROWS': 0,
          'SSL_BLUR_SIGMA_MAX': [0.0, 2.0],
          'SSL_BLUR_SIGMA_MIN': [0.0, 0.1],
          'SSL_COLOR_BRI_CON_SAT': [0.4, 0.4, 0.4],
          'SSL_COLOR_HUE': 0.1,
          'SSL_COLOR_JITTER': False,
          'SSL_MOCOV2_AUG': False,
          'STD': [0.26862954, 0.26130258, 0.27577711],
          'TARGET_FPS': 30,
          'TEST_CROP_SIZE': 224,
          'TIME_DIFF_PROB': 0.0,
          'TRAIN_CROP_NUM_SPATIAL': 1,
          'TRAIN_CROP_NUM_TEMPORAL': 1,
          'TRAIN_CROP_SIZE': 224,
          'TRAIN_JITTER_ASPECT_RELATIVE': [],
          'TRAIN_JITTER_FPS': 0.0,
          'TRAIN_JITTER_MOTION_SHIFT': False,
          'TRAIN_JITTER_SCALES': [224, 256],
          'TRAIN_JITTER_SCALES_RELATIVE': [],
          'TRAIN_PCA_EIGVAL': [0.225, 0.224, 0.229],
          'TRAIN_PCA_EIGVEC': [[-0.5675, 0.7192, 0.4009],
                               [-0.5808, -0.0045, -0.814],
                               [-0.5836, -0.6948, 0.4203]],
          'USE_OFFSET_SAMPLING': True},
 'DATA_LOADER': {'ENABLE_MULTI_THREAD_DECODE': False,
                 'NUM_WORKERS': 8,
                 'PIN_MEMORY': True},
 'DEMO': {'BUFFER_SIZE': 0,
          'CLIP_VIS_SIZE': 10,
          'COMMON_CLASS_NAMES': ['watch (a person)',
                                 'talk to (e.g., self, a person, a group)',
                                 'listen to (a person)',
                                 'touch (an object)',
                                 'carry/hold (an object)',
                                 'walk',
                                 'sit',
                                 'lie/sleep',
                                 'bend/bow (at the waist)'],
          'COMMON_CLASS_THRES': 0.7,
          'DETECTRON2_CFG': 'COCO-Detection/faster_rcnn_R_50_FPN_3x.yaml',
          'DETECTRON2_THRESH': 0.9,
          'DETECTRON2_WEIGHTS': 'detectron2://COCO-Detection/faster_rcnn_R_50_FPN_3x/137849458/model_final_280758.pkl',
          'DISPLAY_HEIGHT': 0,
          'DISPLAY_WIDTH': 0,
          'ENABLE': False,
          'FPS': 30,
          'GT_BOXES': '',
          'INPUT_FORMAT': 'BGR',
          'INPUT_VIDEO': '',
          'LABEL_FILE_PATH': '',
          'NUM_CLIPS_SKIP': 0,
          'NUM_VIS_INSTANCES': 2,
          'OUTPUT_FILE': '',
          'OUTPUT_FPS': -1,
          'PREDS_BOXES': '',
          'SLOWMO': 1,
          'STARTING_SECOND': 900,
          'THREAD_ENABLE': False,
          'UNCOMMON_CLASS_THRES': 0.3,
          'VIS_MODE': 'thres',
          'WEBCAM': -1},
 'DETECTION': {'ALIGNED': True,
               'ENABLE': False,
               'ROI_XFORM_RESOLUTION': 7,
               'SPATIAL_SCALE_FACTOR': 16},
 'DIST_BACKEND': 'nccl',
 'IMAGENET_SIMPLELABEL_PATH': None,
 'LOG_MODEL_INFO': True,
 'LOG_PERIOD': 10,
 'MASK': {'DECODER_DEPTH': 0,
          'DECODER_EMBED_DIM': 512,
          'DECODER_SEP_POS_EMBED': False,
          'DEC_KV_KERNEL': [],
          'DEC_KV_STRIDE': [],
          'ENABLE': False,
          'HEAD_TYPE': 'separate',
          'MAE_ON': False,
          'MAE_RND_MASK': False,
          'NORM_PRED_PIXEL': True,
          'PER_FRAME_MASKING': False,
          'PRED_HOG': False,
          'PRETRAIN_DEPTH': [15],
          'SCALE_INIT_BY_DEPTH': False,
          'TIME_STRIDE_LOSS': True},
 'MIXUP': {'ALPHA': 0.8,
           'CUTMIX_ALPHA': 1.0,
           'ENABLE': False,
           'LABEL_SMOOTH_VALUE': 0.1,
           'PROB': 1.0,
           'SWITCH_PROB': 0.5},
 'MODEL': {'ACT_CHECKPOINT': False,
           'ADAPT_FINETUNE_FACTOR': 1.0,
           'ARCH': 'vitb16',
           'CLS_LOSS_RATIO': 1.0,
           'CONTEXT_LENGTH': 77,
           'DEFAULT_FINETUNE_FACTOR': 1.0,
           'DETACH_FINAL_FC': False,
           'DISTILLATION_RATIO': 2.0,
           'DROPCONNECT_RATE': 0.0,
           'DROPOUT_RATE': 0.5,
           'ENSEMBLE_PRED': False,
           'ENSEMBLE_RAWMODEL_RATIO': 0.0,
           'EXPERT_FINETUNE_FACTOR': 1.0,
           'EXPERT_INSERT_LAYERS': [10, 11],
           'FC_INIT_STD': 0.01,
           'FINETUNE_FACTOR': 1.0,
           'FP16_ALLREDUCE': False,
           'FROZEN_BN': False,
           'HEAD_ACT': 'softmax',
           'KEEP_RAW_MODEL': False,
           'LOSS_FREQ_TYPE': 'mse',
           'LOSS_FUNC': 'cross_entropy',
           'MLP_FINETUNE_FACTOR': 1.0,
           'MODEL_NAME': 'TemporalClipVideo',
           'MULTI_PATHWAY_ARCH': ['slowfast'],
           'NUM_CLASSES': 26,
           'NUM_EXPERTS': 0,
           'PROMPT_NUM': 1,
           'RAW_MODEL_DISTILLATION': False,
           'RECORD_ROUTING': False,
           'ROUTING_FINETUNE_FACTOR': 1.0,
           'ROUTING_FREQUENCE_CONSTRAIN': 0.5,
           'ROUTING_FREQ_CONS_FACTOR': 1.0,
           'ROUTING_TYPE': 'patch-level',
           'SINGLE_PATHWAY_ARCH': ['2d',
                                   'c2d',
                                   'i3d',
                                   'slow',
                                   'x3d',
                                   'mvit',
                                   'maskmvit',
                                   'vitb32',
                                   'vitb16',
                                   'vitl14'],
           'STATIC_GRAPH': False,
           'TEMPORAL_MODELING_TYPE': 'expand_temporal_view',
           'TEXT_PROMPT': False,
           'USE_CHECKPOINT': False},
 'MULTIGRID': {'BN_BASE_SIZE': 8,
               'DEFAULT_B': 0,
               'DEFAULT_S': 0,
               'DEFAULT_T': 0,
               'EPOCH_FACTOR': 1.5,
               'EVAL_FREQ': 3,
               'LONG_CYCLE': False,
               'LONG_CYCLE_FACTORS': [(0.25, 0.7071067811865476),
                                      (0.5, 0.7071067811865476),
                                      (0.5, 1),
                                      (1, 1)],
               'LONG_CYCLE_SAMPLING_RATE': 0,
               'SHORT_CYCLE': False,
               'SHORT_CYCLE_FACTORS': [0.5, 0.7071067811865476]},
 'MVIT': {'CLS_EMBED_ON': True,
          'DEPTH': 16,
          'DIM_MUL': [],
          'DIM_MUL_IN_ATT': False,
          'DROPOUT_RATE': 0.0,
          'DROPPATH_RATE': 0.1,
          'EMBED_DIM': 96,
          'HEAD_INIT_SCALE': 1.0,
          'HEAD_MUL': [],
          'LAYER_SCALE_INIT_VALUE': 0.0,
          'MLP_RATIO': 4.0,
          'MODE': 'conv',
          'NORM': 'layernorm',
          'NORM_STEM': False,
          'NUM_HEADS': 1,
          'PATCH_2D': False,
          'PATCH_KERNEL': [3, 7, 7],
          'PATCH_PADDING': [2, 4, 4],
          'PATCH_STRIDE': [2, 4, 4],
          'POOL_FIRST': False,
          'POOL_KVQ_KERNEL': None,
          'POOL_KV_STRIDE': [],
          'POOL_KV_STRIDE_ADAPTIVE': None,
          'POOL_Q_STRIDE': [],
          'QKV_BIAS': True,
          'REL_POS_SPATIAL': False,
          'REL_POS_TEMPORAL': False,
          'REL_POS_ZERO_INIT': False,
          'RESIDUAL_POOLING': False,
          'REV': {'BUFFER_LAYERS': [],
                  'ENABLE': False,
                  'PRE_Q_FUSION': 'avg',
                  'RESPATH_FUSE': 'concat',
                  'RES_PATH': 'conv'},
          'SEPARATE_QKV': False,
          'SEP_POS_EMBED': False,
          'USE_ABS_POS': True,
          'USE_FIXED_SINCOS_POS': False,
          'USE_MEAN_POOLING': False,
          'ZERO_DECAY_POS_CLS': True},
 'NONLOCAL': {'GROUP': [[1], [1], [1], [1]],
              'INSTANTIATION': 'dot_product',
              'LOCATION': [[[]], [[]], [[]], [[]]],
              'POOL': [[[1, 2, 2], [1, 2, 2]],
                       [[1, 2, 2], [1, 2, 2]],
                       [[1, 2, 2], [1, 2, 2]],
                       [[1, 2, 2], [1, 2, 2]]]},
 'NUM_GPUS': 8,
 'NUM_SHARDS': 1,
 'OUTPUT_DIR': '.',
 'RESNET': {'DEPTH': 50,
            'INPLACE_RELU': True,
            'NUM_BLOCK_TEMP_KERNEL': [[3], [4], [6], [3]],
            'NUM_GROUPS': 1,
            'SPATIAL_DILATIONS': [[1], [1], [1], [1]],
            'SPATIAL_STRIDES': [[1], [2], [2], [2]],
            'STRIDE_1X1': False,
            'TRANS_FUNC': 'bottleneck_transform',
            'WIDTH_PER_GROUP': 64,
            'ZERO_INIT_FINAL_BN': False,
            'ZERO_INIT_FINAL_CONV': False},
 'RNG_SEED': 0,
 'SHARD_ID': 0,
 'SLOWFAST': {'ALPHA': 8,
              'BETA_INV': 8,
              'FUSION_CONV_CHANNEL_RATIO': 2,
              'FUSION_KERNEL_SZ': 5},
 'SOLVER': {'BASE_LR': 3.33e-06,
            'BASE_LR_SCALE_NUM_SHARDS': True,
            'BETAS': (0.9, 0.999),
            'CLIP_GRAD_L2NORM': 1.0,
            'CLIP_GRAD_VAL': None,
            'COSINE_AFTER_WARMUP': True,
            'COSINE_END_LR': 1e-07,
            'COSINE_RESTART_EPOCH': 0,
            'DAMPENING': 0.0,
            'GAMMA': 0.1,
            'LARS_ON': False,
            'LAYER_DECAY': 1.0,
            'LRS': [],
            'LR_POLICY': 'cosine',
            'MAX_EPOCH': 12,
            'MOMENTUM': 0.9,
            'NESTEROV': True,
            'OPTIMIZING_METHOD': 'adamw',
            'STEPS': [],
            'STEP_SIZE': 1,
            'WARMUP_EPOCHS': 2.0,
            'WARMUP_FACTOR': 0.1,
            'WARMUP_START_LR': 1e-07,
            'WEIGHT_DECAY': 0.01,
            'ZERO_WD_1D_PARAM': True},
 'TASK': '',
 'TENSORBOARD': {'CATEGORIES_PATH': '',
                 'CLASS_NAMES_PATH': '',
                 'CONFUSION_MATRIX': {'ENABLE': False,
                                      'FIGSIZE': [8, 8],
                                      'SUBSET_PATH': ''},
                 'ENABLE': False,
                 'HISTOGRAM': {'ENABLE': False,
                               'FIGSIZE': [8, 8],
                               'SUBSET_PATH': '',
                               'TOPK': 10},
                 'LOG_DIR': '',
                 'MODEL_VIS': {'ACTIVATIONS': False,
                               'COLORMAP': 'Pastel2',
                               'ENABLE': False,
                               'GRAD_CAM': {'COLORMAP': 'viridis',
                                            'ENABLE': True,
                                            'LAYER_LIST': [],
                                            'USE_TRUE_LABEL': False},
                               'INPUT_VIDEO': False,
                               'LAYER_LIST': [],
                               'MODEL_WEIGHTS': False,
                               'TOPK_PREDS': 1},
                 'PREDICTIONS_PATH': '',
                 'WRONG_PRED_VIS': {'ENABLE': False,
                                    'SUBSET_PATH': '',
                                    'TAG': 'Incorrectly classified videos.'}},
 'TEST': {'BATCH_SIZE': 64,
          'CHECKPOINT_FILE_PATH': '',
          'CHECKPOINT_TYPE': 'pytorch',
          'CLIP_ORI_PATH': None,
          'CUSTOM_LOAD': False,
          'CUSTOM_LOAD_FILE': None,
          'DATASET': 'kinetics',
          'ENABLE': True,
          'NUM_ENSEMBLE_VIEWS': 3,
          'NUM_SPATIAL_CROPS': 1,
          'NUM_TEMPORAL_CLIPS': [],
          'OPENSET': False,
          'PATCHING_MODEL': False,
          'PATCHING_RATIO': 0.5,
          'SAVE_RESULTS_PATH': '',
          'UPDATE_STATE': False},
 'TEST_FILE': '',
 'TRAIN': {'ADAPT_ZS_CONS_RATIO': False,
           'AUTO_RESUME': True,
           'BATCH_SIZE': 64,
           'CHECKPOINT_CLEAR_NAME_PATTERN': (),
           'CHECKPOINT_EPOCH_RESET': False,
           'CHECKPOINT_FILE_PATH': '',
           'CHECKPOINT_INFLATE': False,
           'CHECKPOINT_IN_INIT': False,
           'CHECKPOINT_PERIOD': 5,
           'CHECKPOINT_TYPE': 'pytorch',
           'CLIP_ORI_PATH': None,
           'CUSTOM_LOAD': False,
           'CUSTOM_LOAD_FILE': None,
           'DATASET': 'kinetics',
           'ENABLE': True,
           'EVAL_PERIOD': 5,
           'EWC_CONSTRAIN_RATIO': 1.0,
           'EWC_IDENTITY_FISHER': False,
           'EWC_IGNORE_LOGIT_SCALE': False,
           'EWC_LOAD_FILE': None,
           'EWC_SET': False,
           'KILL_LOSS_EXPLOSION_FACTOR': 0.0,
           'LINEAR_CONNECT_CLIMB': False,
           'LINEAR_CONNECT_LOSS_RATIO': 1.0,
           'LINEAR_CONNECT_SAMPLE': True,
           'LINEAR_CONNECT_SAMPLE_L': 0.4,
           'LINEAR_CONNECT_SAMPLE_R': 0.6,
           'MIXED_PRECISION': False,
           'ZS_CONS': False,
           'ZS_CONS_RATIO': 0.8,
           'ZS_INIT_CONS': False,
           'ZS_RESTART_CONS': False,
           'ZS_RESTART_EPOCH': -1},
 'TRAIN_FILE': '',
 'TUNE_HEAD': False,
 'VAL_FILE': '',
 'VAL_MODE': False,
 'VIS_MASK': CfgNode({'ENABLE': False}),
 'X3D': {'BN_LIN5': False,
         'BOTTLENECK_FACTOR': 1.0,
         'CHANNELWISE_3x3x3': True,
         'DEPTH_FACTOR': 1.0,
         'DIM_C1': 12,
         'DIM_C5': 2048,
         'SCALE_RES2': False,
         'WIDTH_FACTOR': 1.0}}
[11/27 21:23:35][INFO] temporalclip_video_model.py:  602: load pretrained CLIP:<All keys matched successfully>
